<?xml version="1.0" encoding="UTF-8"?>
<!-- Generated by org.testng.reporters.JUnitReportReporter -->
<testsuite hostname="shajahanspc" failures="0" tests="1" name="com.TN.qa.Testcase.Register" time="6.302" errors="0" timestamp="2023-12-24T01:47:06 EET" skipped="0">
  <testcase classname="com.TN.qa.Testcase.Register" name="registerWithValidcredentials" time="6.302"/>
</testsuite> <!-- com.TN.qa.Testcase.Register -->
