<?xml version="1.0" encoding="UTF-8"?>
<!-- Generated by org.testng.reporters.JUnitReportReporter -->
<testsuite hostname="shajahanspc" failures="0" tests="1" name="com.TN.qa.Testcase.RegisterTest" time="7.698" errors="0" timestamp="2023-12-27T21:36:14 EET" skipped="0">
  <testcase classname="com.TN.qa.Testcase.RegisterTest" name="registerWithValidcredentials" time="7.698"/>
</testsuite> <!-- com.TN.qa.Testcase.RegisterTest -->
